2026-03-07 08:20:16 [main] INFO  c.l.website.LaharWebsiteApplication - Starting LaharWebsiteApplication using Java 17.0.18 with PID 37904 (/Users/sanjeev/Documents/Ai Projects/Host/lahar-city-website/target/classes started by sanjeev in /Users/sanjeev/Documents/Ai Projects/Host/lahar-city-website)
    2026-03-07 08:20:16 [main] DEBUG c.l.website.LaharWebsiteApplication - Running with Spring Boot v3.2.0, Spring v6.1.1
    2026-03-07 08:20:16 [main] INFO  c.l.website.LaharWebsiteApplication - No active profile set, falling back to 1 default profile: "default"
    2026-03-07 08:20:16 [main] INFO  o.s.b.w.e.tomcat.TomcatWebServer - Tomcat initialized with port 8080 (http)
    2026-03-07 08:20:16 [main] INFO  o.a.catalina.core.StandardService - Starting service [Tomcat]
    2026-03-07 08:20:16 [main] INFO  o.a.catalina.core.StandardEngine - Starting Servlet engine: [Apache Tomcat/10.1.16]
    2026-03-07 08:20:16 [main] INFO  o.a.c.c.C.[Tomcat].[localhost].[/] - Initializing Spring embedded WebApplicationContext
    2026-03-07 08:20:16 [main] INFO  o.s.b.w.s.c.ServletWebServerApplicationContext - Root WebApplicationContext: initialization completed in 410 ms
    2026-03-07 08:20:16 [main] INFO  o.s.b.a.w.s.WelcomePageHandlerMapping - Adding welcome page: class path resource [static/index.html]
    2026-03-07 08:20:16 [main] INFO  o.s.b.w.e.tomcat.TomcatWebServer - Tomcat started on port 8080 (http) with context path ''
    2026-03-07 08:20:16 [main] INFO  c.l.website.LaharWebsiteApplication - Started LaharWebsiteApplication in 0.751 seconds (process running for 0.942)
    2026-03-07 08:20:42 [http-nio-8080-exec-1] INFO  o.a.c.c.C.[Tomcat].[localhost].[/] - Initializing Spring DispatcherServlet 'dispatcherServlet'
    2026-03-07 08:20:42 [http-nio-8080-exec-1] INFO  o.s.web.servlet.DispatcherServlet - Initializing Servlet 'dispatcherServlet'
    2026-03-07 08:20:42 [http-nio-8080-exec-1] INFO  o.s.web.servlet.DispatcherServlet - Completed initialization in 0 ms
    2026-03-07 09:48:49 [main] INFO  c.l.website.LaharWebsiteApplication - Starting LaharWebsiteApplication using Java 17.0.18 with PID 38686 (/Users/sanjeev/Documents/Ai Projects/Host/lahar-city-website/target/classes started by sanjeev in /Users/sanjeev/Documents/Ai Projects/Host/lahar-city-website)
    2026-03-07 09:48:49 [main] DEBUG c.l.website.LaharWebsiteApplication - Running with Spring Boot v3.2.0, Spring v6.1.1
    2026-03-07 09:48:49 [main] INFO  c.l.website.LaharWebsiteApplication - No active profile set, falling back to 1 default profile: "default"
    2026-03-07 09:48:49 [main] INFO  o.s.b.w.e.tomcat.TomcatWebServer - Tomcat initialized with port 8080 (http)
    2026-03-07 09:48:49 [main] INFO  o.a.catalina.core.StandardService - Starting service [Tomcat]
    2026-03-07 09:48:49 [main] INFO  o.a.catalina.core.StandardEngine - Starting Servlet engine: [Apache Tomcat/10.1.16]
    2026-03-07 09:48:49 [main] INFO  o.a.c.c.C.[Tomcat].[localhost].[/] - Initializing Spring embedded WebApplicationContext
    2026-03-07 09:48:49 [main] INFO  o.s.b.w.s.c.ServletWebServerApplicationContext - Root WebApplicationContext: initialization completed in 345 ms
    2026-03-07 09:48:49 [main] INFO  o.s.b.a.w.s.WelcomePageHandlerMapping - Adding welcome page: class path resource [static/index.html]
    2026-03-07 09:48:49 [main] INFO  o.s.b.w.e.tomcat.TomcatWebServer - Tomcat started on port 8080 (http) with context path ''
    2026-03-07 09:48:49 [main] INFO  c.l.website.LaharWebsiteApplication - Started LaharWebsiteApplication in 0.716 seconds (process running for 0.848)
    2026-03-07 09:48:59 [http-nio-8080-exec-1] INFO  o.a.c.c.C.[Tomcat].[localhost].[/] - Initializing Spring DispatcherServlet 'dispatcherServlet'
    2026-03-07 09:48:59 [http-nio-8080-exec-1] INFO  o.s.web.servlet.DispatcherServlet - Initializing Servlet 'dispatcherServlet'
    2026-03-07 09:48:59 [http-nio-8080-exec-1] INFO  o.s.web.servlet.DispatcherServlet - Completed initialization in 1 ms
    